Log:

	PID		PPID		Nome do Programa
===========================================================
Time: Tue Dec 15 13:43:48 2015


===========================================================
Time: Tue Dec 15 13:43:50 2015


===========================================================
Time: Tue Dec 15 13:43:51 2015


===========================================================
Time: Tue Dec 15 13:43:52 2015


===========================================================
Time: Tue Dec 15 13:43:53 2015


===========================================================
Time: Tue Dec 15 13:43:54 2015


===========================================================
Time: Tue Dec 15 13:43:55 2015


===========================================================
Time: Tue Dec 15 13:43:56 2015


===========================================================
Time: Tue Dec 15 13:43:57 2015


===========================================================
Time: Tue Dec 15 13:43:58 2015


===========================================================
Time: Tue Dec 15 13:43:59 2015


===========================================================
Time: Tue Dec 15 13:44:00 2015


===========================================================
Time: Tue Dec 15 13:44:01 2015


===========================================================
Time: Tue Dec 15 13:44:02 2015


===========================================================
Time: Tue Dec 15 13:44:03 2015


===========================================================
Time: Tue Dec 15 13:44:04 2015

	2141		2140		create-zombies
	2142		2140		create-zombies
	2143		2140		create-zombies
	2144		2140		create-zombies
	2145		2140		create-zombies
	2146		2140		create-zombies

===========================================================
Time: Tue Dec 15 13:44:05 2015

	2141		2140		create-zombies
	2142		2140		create-zombies
	2143		2140		create-zombies
	2144		2140		create-zombies
	2145		2140		create-zombies
	2146		2140		create-zombies

===========================================================
Time: Tue Dec 15 13:44:06 2015

	2141		2140		create-zombies
	2142		2140		create-zombies
	2143		2140		create-zombies
	2144		2140		create-zombies
	2145		2140		create-zombies
	2146		2140		create-zombies

===========================================================
Time: Tue Dec 15 13:44:07 2015

	2141		2140		create-zombies
	2142		2140		create-zombies
	2143		2140		create-zombies
	2144		2140		create-zombies
	2145		2140		create-zombies
	2146		2140		create-zombies

===========================================================
Time: Tue Dec 15 13:44:08 2015

	2141		2140		create-zombies
	2142		2140		create-zombies
	2143		2140		create-zombies
	2144		2140		create-zombies
	2145		2140		create-zombies
	2146		2140		create-zombies

===========================================================
Time: Tue Dec 15 13:44:09 2015

	2141		2140		create-zombies
	2142		2140		create-zombies
	2143		2140		create-zombies
	2144		2140		create-zombies
	2145		2140		create-zombies
	2146		2140		create-zombies

===========================================================
Time: Tue Dec 15 13:44:10 2015

	2141		2140		create-zombies
	2142		2140		create-zombies
	2143		2140		create-zombies
	2144		2140		create-zombies
	2145		2140		create-zombies
	2146		2140		create-zombies

===========================================================
Time: Tue Dec 15 13:44:11 2015

	2141		2140		create-zombies
	2142		2140		create-zombies
	2143		2140		create-zombies
	2144		2140		create-zombies
	2145		2140		create-zombies
	2146		2140		create-zombies

===========================================================
Time: Tue Dec 15 13:44:12 2015

	2141		2140		create-zombies
	2142		2140		create-zombies
	2143		2140		create-zombies
	2144		2140		create-zombies
	2145		2140		create-zombies
	2146		2140		create-zombies

===========================================================
Time: Tue Dec 15 13:44:13 2015

	2141		2140		create-zombies
	2142		2140		create-zombies
	2143		2140		create-zombies
	2144		2140		create-zombies
	2145		2140		create-zombies
	2146		2140		create-zombies

===========================================================
Time: Tue Dec 15 13:44:14 2015

	2141		2140		create-zombies
	2142		2140		create-zombies
	2143		2140		create-zombies
	2144		2140		create-zombies
	2145		2140		create-zombies
	2146		2140		create-zombies

===========================================================
Time: Tue Dec 15 13:44:15 2015

	2141		2140		create-zombies
	2142		2140		create-zombies
	2143		2140		create-zombies
	2144		2140		create-zombies
	2145		2140		create-zombies
	2146		2140		create-zombies

===========================================================
Time: Tue Dec 15 13:44:16 2015

	2141		2140		create-zombies
	2142		2140		create-zombies
	2143		2140		create-zombies
	2144		2140		create-zombies
	2145		2140		create-zombies
	2146		2140		create-zombies

===========================================================
Time: Tue Dec 15 13:44:17 2015

	2141		2140		create-zombies
	2142		2140		create-zombies
	2143		2140		create-zombies
	2144		2140		create-zombies
	2145		2140		create-zombies
	2146		2140		create-zombies

===========================================================
Time: Tue Dec 15 13:44:18 2015

	2141		2140		create-zombies
	2142		2140		create-zombies
	2143		2140		create-zombies
	2144		2140		create-zombies
	2145		2140		create-zombies
	2146		2140		create-zombies

===========================================================
Time: Tue Dec 15 13:44:19 2015

	2141		2140		create-zombies
	2142		2140		create-zombies
	2143		2140		create-zombies
	2144		2140		create-zombies
	2145		2140		create-zombies
	2146		2140		create-zombies

===========================================================
Time: Tue Dec 15 13:44:20 2015

	2141		2140		create-zombies
	2142		2140		create-zombies
	2143		2140		create-zombies
	2144		2140		create-zombies
	2145		2140		create-zombies
	2146		2140		create-zombies

===========================================================
Time: Tue Dec 15 13:44:21 2015

	2141		2140		create-zombies
	2142		2140		create-zombies
	2143		2140		create-zombies
	2144		2140		create-zombies
	2145		2140		create-zombies
	2146		2140		create-zombies

===========================================================
Time: Tue Dec 15 13:44:22 2015

	2141		2140		create-zombies
	2142		2140		create-zombies
	2143		2140		create-zombies
	2144		2140		create-zombies
	2145		2140		create-zombies
	2146		2140		create-zombies

===========================================================
Time: Tue Dec 15 13:44:23 2015

	2141		2140		create-zombies
	2142		2140		create-zombies
	2143		2140		create-zombies
	2144		2140		create-zombies
	2145		2140		create-zombies
	2146		2140		create-zombies

===========================================================
Time: Tue Dec 15 13:44:24 2015

	2141		2140		create-zombies
	2142		2140		create-zombies
	2143		2140		create-zombies
	2144		2140		create-zombies
	2145		2140		create-zombies
	2146		2140		create-zombies

===========================================================
Time: Tue Dec 15 13:44:25 2015

	2141		2140		create-zombies
	2142		2140		create-zombies
	2143		2140		create-zombies
	2144		2140		create-zombies
	2145		2140		create-zombies
	2146		2140		create-zombies

===========================================================
Time: Tue Dec 15 13:44:26 2015


===========================================================
Time: Tue Dec 15 13:44:27 2015


===========================================================
Time: Tue Dec 15 13:44:28 2015


===========================================================
Time: Tue Dec 15 13:44:29 2015


===========================================================
Time: Tue Dec 15 13:44:30 2015


===========================================================
Time: Tue Dec 15 13:44:31 2015


===========================================================
Time: Tue Dec 15 13:44:32 2015


===========================================================
Time: Tue Dec 15 13:44:33 2015


===========================================================
Time: Tue Dec 15 13:44:34 2015


===========================================================
Time: Tue Dec 15 13:44:35 2015


===========================================================
Time: Tue Dec 15 13:44:36 2015


===========================================================
Time: Tue Dec 15 13:44:37 2015


===========================================================
The deamon has been closed by a SIG_TERM
